<?xml version="1.0" encoding="UTF-8"?>
<testsuite xmlns:xsi="http://www.w3.org/2001/XMLSchema-instance" xsi:noNamespaceSchemaLocation="https://maven.apache.org/surefire/maven-surefire-plugin/xsd/surefire-test-report.xsd" name="TestSuite" time="39.242" tests="6" errors="0" skipped="0" failures="3">
  <properties>
[...]
</properties>
  <testcase name="userIsAbleToLoginToShop" classname="io.ctdev.tests.login.LoginToJuiceShopTests" time="1.978"/>
  <testcase name="userIsAbleToLoginToShopWithFluentInterface" classname="io.ctdev.tests.login.LoginToJuiceShopTests" time="1.096">
    <failure message="element click intercepted: Element &lt;button _ngcontent-eca-c238=&quot;&quot; aria-haspopup=&quot;true&quot; mat-button=&quot;&quot; fxhide.lt-md=&quot;&quot; fxshow=&quot;&quot; aria-label=&quot;Show/hide account menu&quot; id=&quot;navbarAccount&quot; class=&quot;mat-focus-indicator mat-menu-trigger buttons mat-button mat-button-base&quot; style=&quot;vertical-align: middle; height: 48px;&quot; aria-expanded=&quot;true&quot; aria-controls=&quot;mat-menu-panel-0&quot;&gt;...&lt;/button&gt; is not clickable at point (1272, 32). Other element would receive the click: &lt;div class=&quot;cdk-overlay-backdrop cdk-overlay-transparent-backdrop cdk-overlay-backdrop-showing&quot;&gt;&lt;/div&gt;&#10;  (Session info: chrome=86.0.4240.111)&#10;Build info: version: &apos;3.141.59&apos;, revision: &apos;e82be7d358&apos;, time: &apos;2018-11-14T08:17:03&apos;&#10;System info: host: &apos;3101LW00037&apos;, ip: &apos;192.168.100.106&apos;, os.name: &apos;Windows 10&apos;, os.arch: &apos;amd64&apos;, os.version: &apos;10.0&apos;, java.version: &apos;15&apos;&#10;Driver info: org.openqa.selenium.remote.RemoteWebDriver&#10;Capabilities {acceptInsecureCerts: false, browserName: chrome, browserVersion: 86.0.4240.111, chrome: {chromedriverVersion: 86.0.4240.22 (398b0743353ff..., userDataDir: C:\Users\NATALI~1.SHA\AppDa...}, goog:chromeOptions: {debuggerAddress: localhost:54091}, javascriptEnabled: true, networkConnectionEnabled: false, pageLoadStrategy: normal, platform: WINDOWS, platformName: WINDOWS, proxy: Proxy(), setWindowRect: true, strictFileInteractability: false, timeouts: {implicit: 0, pageLoad: 300000, script: 30000}, unhandledPromptBehavior: dismiss and notify, webauthn:virtualAuthenticators: true, webdriver.remote.sessionid: 26c77fada94ae4e6682fe8d756a...}&#10;Session ID: 26c77fada94ae4e6682fe8d756a0e4bc" type="org.openqa.selenium.ElementClickInterceptedException"><![CDATA[org.openqa.selenium.ElementClickInterceptedException: 
element click intercepted: Element <button _ngcontent-eca-c238="" aria-haspopup="true" mat-button="" fxhide.lt-md="" fxshow="" aria-label="Show/hide account menu" id="navbarAccount" class="mat-focus-indicator mat-menu-trigger buttons mat-button mat-button-base" style="vertical-align: middle; height: 48px;" aria-expanded="true" aria-controls="mat-menu-panel-0">...</button> is not clickable at point (1272, 32). Other element would receive the click: <div class="cdk-overlay-backdrop cdk-overlay-transparent-backdrop cdk-overlay-backdrop-showing"></div>
  (Session info: chrome=86.0.4240.111)
Build info: version: '3.141.59', revision: 'e82be7d358', time: '2018-11-14T08:17:03'
System info: host: '3101LW00037', ip: '192.168.100.106', os.name: 'Windows 10', os.arch: 'amd64', os.version: '10.0', java.version: '15'
Driver info: org.openqa.selenium.remote.RemoteWebDriver
Capabilities {acceptInsecureCerts: false, browserName: chrome, browserVersion: 86.0.4240.111, chrome: {chromedriverVersion: 86.0.4240.22 (398b0743353ff..., userDataDir: C:\Users\NATALI~1.SHA\AppDa...}, goog:chromeOptions: {debuggerAddress: localhost:54091}, javascriptEnabled: true, networkConnectionEnabled: false, pageLoadStrategy: normal, platform: WINDOWS, platformName: WINDOWS, proxy: Proxy(), setWindowRect: true, strictFileInteractability: false, timeouts: {implicit: 0, pageLoad: 300000, script: 30000}, unhandledPromptBehavior: dismiss and notify, webauthn:virtualAuthenticators: true, webdriver.remote.sessionid: 26c77fada94ae4e6682fe8d756a...}
Session ID: 26c77fada94ae4e6682fe8d756a0e4bc
	at io.ctdev.tests.login.LoginToJuiceShopTests.userIsAbleToLoginToShopWithFluentInterface(LoginToJuiceShopTests.java:118)
]]></failure>
    <system-out><![CDATA[Clicking on Account button
]]></system-out>
  </testcase>
  <testcase name="userIsAbleToLoginToShopWithPageFactory" classname="io.ctdev.tests.login.LoginToJuiceShopTests" time="1.117">
    <failure message="element click intercepted: Element &lt;button _ngcontent-eca-c238=&quot;&quot; aria-haspopup=&quot;true&quot; mat-button=&quot;&quot; fxhide.lt-md=&quot;&quot; fxshow=&quot;&quot; aria-label=&quot;Show/hide account menu&quot; id=&quot;navbarAccount&quot; class=&quot;mat-focus-indicator mat-menu-trigger buttons mat-button mat-button-base&quot; style=&quot;vertical-align: middle; height: 48px;&quot; aria-expanded=&quot;true&quot; aria-controls=&quot;mat-menu-panel-0&quot;&gt;...&lt;/button&gt; is not clickable at point (1272, 32). Other element would receive the click: &lt;div class=&quot;cdk-overlay-backdrop cdk-overlay-transparent-backdrop cdk-overlay-backdrop-showing&quot;&gt;&lt;/div&gt;&#10;  (Session info: chrome=86.0.4240.111)&#10;Build info: version: &apos;3.141.59&apos;, revision: &apos;e82be7d358&apos;, time: &apos;2018-11-14T08:17:03&apos;&#10;System info: host: &apos;3101LW00037&apos;, ip: &apos;192.168.100.106&apos;, os.name: &apos;Windows 10&apos;, os.arch: &apos;amd64&apos;, os.version: &apos;10.0&apos;, java.version: &apos;15&apos;&#10;Driver info: org.openqa.selenium.remote.RemoteWebDriver&#10;Capabilities {acceptInsecureCerts: false, browserName: chrome, browserVersion: 86.0.4240.111, chrome: {chromedriverVersion: 86.0.4240.22 (398b0743353ff..., userDataDir: C:\Users\NATALI~1.SHA\AppDa...}, goog:chromeOptions: {debuggerAddress: localhost:54091}, javascriptEnabled: true, networkConnectionEnabled: false, pageLoadStrategy: normal, platform: WINDOWS, platformName: WINDOWS, proxy: Proxy(), setWindowRect: true, strictFileInteractability: false, timeouts: {implicit: 0, pageLoad: 300000, script: 30000}, unhandledPromptBehavior: dismiss and notify, webauthn:virtualAuthenticators: true, webdriver.remote.sessionid: 26c77fada94ae4e6682fe8d756a...}&#10;Session ID: 26c77fada94ae4e6682fe8d756a0e4bc" type="org.openqa.selenium.ElementClickInterceptedException"><![CDATA[org.openqa.selenium.ElementClickInterceptedException: 
element click intercepted: Element <button _ngcontent-eca-c238="" aria-haspopup="true" mat-button="" fxhide.lt-md="" fxshow="" aria-label="Show/hide account menu" id="navbarAccount" class="mat-focus-indicator mat-menu-trigger buttons mat-button mat-button-base" style="vertical-align: middle; height: 48px;" aria-expanded="true" aria-controls="mat-menu-panel-0">...</button> is not clickable at point (1272, 32). Other element would receive the click: <div class="cdk-overlay-backdrop cdk-overlay-transparent-backdrop cdk-overlay-backdrop-showing"></div>
  (Session info: chrome=86.0.4240.111)
Build info: version: '3.141.59', revision: 'e82be7d358', time: '2018-11-14T08:17:03'
System info: host: '3101LW00037', ip: '192.168.100.106', os.name: 'Windows 10', os.arch: 'amd64', os.version: '10.0', java.version: '15'
Driver info: org.openqa.selenium.remote.RemoteWebDriver
Capabilities {acceptInsecureCerts: false, browserName: chrome, browserVersion: 86.0.4240.111, chrome: {chromedriverVersion: 86.0.4240.22 (398b0743353ff..., userDataDir: C:\Users\NATALI~1.SHA\AppDa...}, goog:chromeOptions: {debuggerAddress: localhost:54091}, javascriptEnabled: true, networkConnectionEnabled: false, pageLoadStrategy: normal, platform: WINDOWS, platformName: WINDOWS, proxy: Proxy(), setWindowRect: true, strictFileInteractability: false, timeouts: {implicit: 0, pageLoad: 300000, script: 30000}, unhandledPromptBehavior: dismiss and notify, webauthn:virtualAuthenticators: true, webdriver.remote.sessionid: 26c77fada94ae4e6682fe8d756a...}
Session ID: 26c77fada94ae4e6682fe8d756a0e4bc
	at io.ctdev.tests.login.LoginToJuiceShopTests.userIsAbleToLoginToShopWithPageFactory(LoginToJuiceShopTests.java:136)
]]></failure>
    <system-out><![CDATA[Clicking on Account button
]]></system-out>
  </testcase>
  <testcase name="searchWebElement" classname="io.ctdev.tests.login.MyFirstTest" time="2.6"/>
  <testcase name="shouldAnswerWithTrue" classname="io.ctdev.tests.login.MyFirstTest" time="5.503"/>
  <testcase name="userIsAbleToLogin" classname="io.ctdev.tests.login.TestLogin_Lesson_4" time="1.023">
    <failure message="Session ID is null. Using WebDriver after calling quit()?&#10;Build info: version: &apos;3.141.59&apos;, revision: &apos;e82be7d358&apos;, time: &apos;2018-11-14T08:17:03&apos;&#10;System info: host: &apos;3101LW00037&apos;, ip: &apos;192.168.100.106&apos;, os.name: &apos;Windows 10&apos;, os.arch: &apos;amd64&apos;, os.version: &apos;10.0&apos;, java.version: &apos;15&apos;&#10;Driver info: driver.version: RemoteWebDriver" type="org.openqa.selenium.NoSuchSessionException">org.openqa.selenium.NoSuchSessionException: 
Session ID is null. Using WebDriver after calling quit()?
Build info: version: '3.141.59', revision: 'e82be7d358', time: '2018-11-14T08:17:03'
System info: host: '3101LW00037', ip: '192.168.100.106', os.name: 'Windows 10', os.arch: 'amd64', os.version: '10.0', java.version: '15'
Driver info: driver.version: RemoteWebDriver
	at io.ctdev.tests.login.TestLogin_Lesson_4.userIsAbleToLogin(TestLogin_Lesson_4.java:56)
</failure>
    <system-out><![CDATA[Clicking on Account button
Clicking on Login button
Typing user email - natali6@ukr.net
Typing user password - 09876543216
Clicking on Login button
]]></system-out>
    <system-err><![CDATA[нояб. 01, 2020 3:13:07 PM org.openqa.selenium.remote.DesiredCapabilities chrome
INFO: Using `new ChromeOptions()` is preferred to `DesiredCapabilities.chrome()`
нояб. 01, 2020 3:13:11 PM org.openqa.selenium.remote.ProtocolHandshake createSession
INFO: Detected dialect: W3C
]]></system-err>
  </testcase>
</testsuite>